{"/Users/forelse/Dev/postal-code-cities/lib/main.ts": {"path":"/Users/forelse/Dev/postal-code-cities/lib/main.ts","statementMap":{"0":{"start":{"line":1,"column":0},"end":{"line":1,"column":9}},"1":{"start":{"line":5,"column":9},"end":{"line":1,"column":67}},"2":{"start":{"line":2,"column":0},"end":{"line":2,"column":9}},"3":{"start":{"line":5,"column":28},"end":{"line":2,"column":62}},"4":{"start":{"line":3,"column":0},"end":{"line":3,"column":9}},"5":{"start":{"line":5,"column":44},"end":{"line":3,"column":63}}},"fnMap":{"0":{"name":"(anonymous_0)","decl":{"start":{"line":5,"column":9},"end":{"line":5,"column":26}},"loc":{"start":{"line":5,"column":9},"end":{"line":1,"column":67}}},"1":{"name":"(anonymous_1)","decl":{"start":{"line":5,"column":28},"end":{"line":5,"column":42}},"loc":{"start":{"line":5,"column":28},"end":{"line":2,"column":62}}},"2":{"name":"(anonymous_2)","decl":{"start":{"line":5,"column":44},"end":{"line":5,"column":62}},"loc":{"start":{"line":5,"column":44},"end":{"line":3,"column":63}}}},"branchMap":{},"s":{"0":1,"1":2,"2":1,"3":2,"4":1,"5":2},"f":{"0":1,"1":1,"2":1},"b":{}}
,"/Users/forelse/Dev/postal-code-cities/lib/composables/useFetchCities.ts": {"path":"/Users/forelse/Dev/postal-code-cities/lib/composables/useFetchCities.ts","statementMap":{"0":{"start":{"line":1,"column":0},"end":{"line":1,"column":32}},"1":{"start":{"line":5,"column":30},"end":{"line":16,"column":null}},"2":{"start":{"line":5,"column":108},"end":{"line":16,"column":null}},"3":{"start":{"line":6,"column":101},"end":{"line":6,"column":107}},"4":{"start":{"line":6,"column":92},"end":{"line":6,"column":96}},"5":{"start":{"line":8,"column":16},"end":{"line":8,"column":52}},"6":{"start":{"line":9,"column":4},"end":{"line":15,"column":5}},"7":{"start":{"line":10,"column":21},"end":{"line":10,"column":38}},"8":{"start":{"line":12,"column":8},"end":{"line":12,"column":66}},"9":{"start":{"line":14,"column":8},"end":{"line":14,"column":69}},"10":{"start":{"line":5,"column":13},"end":{"line":5,"column":30}}},"fnMap":{"0":{"name":"(anonymous_7)","decl":{"start":{"line":5,"column":30},"end":{"line":5,"column":37}},"loc":{"start":{"line":5,"column":108},"end":{"line":16,"column":null}}},"1":{"name":"(anonymous_8)","decl":{"start":{"line":5,"column":108},"end":{"line":5,"column":null}},"loc":{"start":{"line":5,"column":87},"end":{"line":16,"column":1}}},"2":{"name":"(anonymous_9)","decl":{"start":{"line":6,"column":77},"end":{"line":6,"column":78}},"loc":{"start":{"line":6,"column":92},"end":{"line":6,"column":96}}}},"branchMap":{"0":{"loc":{"start":{"line":5,"column":57},"end":{"line":5,"column":87}},"type":"default-arg","locations":[{"start":{"line":5,"column":85},"end":{"line":5,"column":87}}]},"1":{"loc":{"start":{"line":6,"column":12},"end":{"line":6,"column":55}},"type":"default-arg","locations":[{"start":{"line":6,"column":21},"end":{"line":6,"column":55}}]},"2":{"loc":{"start":{"line":6,"column":57},"end":{"line":6,"column":96}},"type":"default-arg","locations":[{"start":{"line":6,"column":77},"end":{"line":6,"column":96}}]},"3":{"loc":{"start":{"line":12,"column":15},"end":{"line":12,"column":65}},"type":"cond-expr","locations":[{"start":{"line":12,"column":35},"end":{"line":12,"column":58}},{"start":{"line":12,"column":61},"end":{"line":12,"column":65}}]}},"s":{"0":1,"1":1,"2":0,"3":0,"4":0,"5":0,"6":0,"7":0,"8":0,"9":0,"10":1},"f":{"0":0,"1":0,"2":0},"b":{"0":[0],"1":[0],"2":[0],"3":[0,0]}}
,"/Users/forelse/Dev/postal-code-cities/lib/presenter/dom.presenter.ts": {"path":"/Users/forelse/Dev/postal-code-cities/lib/presenter/dom.presenter.ts","statementMap":{"0":{"start":{"line":3,"column":34},"end":{"line":30,"column":1}},"1":{"start":{"line":4,"column":26},"end":{"line":4,"column":92}},"2":{"start":{"line":5,"column":4},"end":{"line":7,"column":5}},"3":{"start":{"line":6,"column":8},"end":{"line":6,"column":83}},"4":{"start":{"line":9,"column":4},"end":{"line":9,"column":33}},"5":{"start":{"line":10,"column":4},"end":{"line":15,"column":7}},"6":{"start":{"line":11,"column":23},"end":{"line":11,"column":76}},"7":{"start":{"line":12,"column":8},"end":{"line":12,"column":39}},"8":{"start":{"line":13,"column":8},"end":{"line":13,"column":32}},"9":{"start":{"line":14,"column":8},"end":{"line":14,"column":42}},"10":{"start":{"line":17,"column":4},"end":{"line":19,"column":5}},"11":{"start":{"line":18,"column":8},"end":{"line":18,"column":38}},"12":{"start":{"line":21,"column":4},"end":{"line":24,"column":5}},"13":{"start":{"line":22,"column":8},"end":{"line":22,"column":35}},"14":{"start":{"line":23,"column":8},"end":{"line":23,"column":39}},"15":{"start":{"line":26,"column":4},"end":{"line":29,"column":5}},"16":{"start":{"line":27,"column":8},"end":{"line":27,"column":36}},"17":{"start":{"line":28,"column":8},"end":{"line":28,"column":39}},"18":{"start":{"line":3,"column":13},"end":{"line":3,"column":34}}},"fnMap":{"0":{"name":"(anonymous_0)","decl":{"start":{"line":3,"column":34},"end":{"line":3,"column":35}},"loc":{"start":{"line":3,"column":84},"end":{"line":30,"column":1}}},"1":{"name":"(anonymous_1)","decl":{"start":{"line":10,"column":19},"end":{"line":10,"column":23}},"loc":{"start":{"line":10,"column":26},"end":{"line":15,"column":5}}}},"branchMap":{"0":{"loc":{"start":{"line":5,"column":4},"end":{"line":7,"column":5}},"type":"if","locations":[{"start":{"line":5,"column":4},"end":{"line":7,"column":5}}]},"1":{"loc":{"start":{"line":17,"column":4},"end":{"line":19,"column":5}},"type":"if","locations":[{"start":{"line":17,"column":4},"end":{"line":19,"column":5}}]},"2":{"loc":{"start":{"line":21,"column":4},"end":{"line":24,"column":5}},"type":"if","locations":[{"start":{"line":21,"column":4},"end":{"line":24,"column":5}}]},"3":{"loc":{"start":{"line":26,"column":4},"end":{"line":29,"column":5}},"type":"if","locations":[{"start":{"line":26,"column":4},"end":{"line":29,"column":5}}]}},"s":{"0":2,"1":5,"2":5,"3":1,"4":4,"5":4,"6":5,"7":5,"8":5,"9":5,"10":4,"11":1,"12":4,"13":1,"14":1,"15":4,"16":2,"17":2,"18":2},"f":{"0":5,"1":5},"b":{"0":[1],"1":[1],"2":[1],"3":[2]}}
,"/Users/forelse/Dev/postal-code-cities/lib/presenter/json.presenter.ts": {"path":"/Users/forelse/Dev/postal-code-cities/lib/presenter/json.presenter.ts","statementMap":{"0":{"start":{"line":3,"column":28},"end":{"line":5,"column":1}},"1":{"start":{"line":4,"column":4},"end":{"line":4,"column":18}},"2":{"start":{"line":3,"column":13},"end":{"line":3,"column":28}}},"fnMap":{"0":{"name":"(anonymous_0)","decl":{"start":{"line":3,"column":28},"end":{"line":3,"column":29}},"loc":{"start":{"line":3,"column":47},"end":{"line":5,"column":1}}}},"branchMap":{},"s":{"0":0,"1":0,"2":0},"f":{"0":0},"b":{}}
,"/Users/forelse/Dev/postal-code-cities/lib/validation/isValidPostalCode.ts": {"path":"/Users/forelse/Dev/postal-code-cities/lib/validation/isValidPostalCode.ts","statementMap":{"0":{"start":{"line":1,"column":33},"end":{"line":3,"column":1}},"1":{"start":{"line":2,"column":4},"end":{"line":2,"column":38}},"2":{"start":{"line":1,"column":13},"end":{"line":1,"column":33}}},"fnMap":{"0":{"name":"(anonymous_0)","decl":{"start":{"line":1,"column":33},"end":{"line":1,"column":34}},"loc":{"start":{"line":1,"column":65},"end":{"line":3,"column":1}}}},"branchMap":{},"s":{"0":2,"1":5,"2":2},"f":{"0":5},"b":{}}
}
