TN:
SF:lib/main.ts
FN:5,(anonymous_0)
FN:5,(anonymous_1)
FN:5,(anonymous_2)
FNF:3
FNH:3
FNDA:1,(anonymous_0)
FNDA:1,(anonymous_1)
FNDA:1,(anonymous_2)
DA:1,1
DA:2,1
DA:3,1
DA:5,2
LF:4
LH:4
BRF:0
BRH:0
end_of_record
TN:
SF:lib/composables/useFetchCities.ts
FN:5,(anonymous_7)
FN:5,(anonymous_8)
FN:6,(anonymous_9)
FNF:3
FNH:0
FNDA:0,(anonymous_7)
FNDA:0,(anonymous_8)
FNDA:0,(anonymous_9)
DA:1,1
DA:5,1
DA:6,0
DA:8,0
DA:9,0
DA:10,0
DA:12,0
DA:14,0
LF:8
LH:2
BRDA:5,0,0,0
BRDA:6,1,0,0
BRDA:6,2,0,0
BRDA:12,3,0,0
BRDA:12,3,1,0
BRF:5
BRH:0
end_of_record
TN:
SF:lib/presenter/dom.presenter.ts
FN:3,(anonymous_0)
FN:10,(anonymous_1)
FNF:2
FNH:2
FNDA:5,(anonymous_0)
FNDA:5,(anonymous_1)
DA:3,2
DA:4,5
DA:5,5
DA:6,1
DA:9,4
DA:10,4
DA:11,5
DA:12,5
DA:13,5
DA:14,5
DA:17,4
DA:18,1
DA:21,4
DA:22,1
DA:23,1
DA:26,4
DA:27,2
DA:28,2
LF:18
LH:18
BRDA:5,0,0,1
BRDA:17,1,0,1
BRDA:21,2,0,1
BRDA:26,3,0,2
BRF:4
BRH:4
end_of_record
TN:
SF:lib/presenter/json.presenter.ts
FN:3,(anonymous_0)
FNF:1
FNH:0
FNDA:0,(anonymous_0)
DA:3,0
DA:4,0
LF:2
LH:0
BRF:0
BRH:0
end_of_record
TN:
SF:lib/validation/isValidPostalCode.ts
FN:1,(anonymous_0)
FNF:1
FNH:1
FNDA:5,(anonymous_0)
DA:1,2
DA:2,5
LF:2
LH:2
BRF:0
BRH:0
end_of_record
